{
  "stats": {
    "suites": 3,
    "tests": 15,
    "passes": 15,
    "pending": 0,
    "failures": 0,
    "start": "2021-11-25T18:04:57.520Z",
    "end": "2021-11-25T18:08:27.437Z",
    "duration": 195239,
    "testsRegistered": 15,
    "passPercent": 100,
    "pendingPercent": 0,
    "other": 0,
    "hasOther": false,
    "skipped": 0,
    "hasSkipped": false
  },
  "results": [
    {
      "uuid": "ef331961-2313-4930-ad33-b0da7435ea9a",
      "title": "",
      "fullFile": "cypress/integration/Cadastro.spec.js",
      "file": "cypress/integration/Cadastro.spec.js",
      "beforeHooks": [],
      "afterHooks": [],
      "tests": [],
      "suites": [
        {
          "uuid": "f64f53e6-4c28-4a84-a140-9710989b6480",
          "title": "Testes Positivos na rota cadastro",
          "fullFile": "",
          "file": "",
          "beforeHooks": [],
          "afterHooks": [],
          "tests": [
            {
              "title": "Deve verificar elementos da página: ",
              "fullTitle": "Testes Positivos na rota cadastro Deve verificar elementos da página: ",
              "timedOut": null,
              "duration": 5507,
              "state": "passed",
              "speed": "medium",
              "pass": true,
              "fail": false,
              "pending": false,
              "context": null,
              "code": "_Cadastro.default.elementosDaPaginaCasastro();",
              "err": {},
              "uuid": "116496a4-0fb0-490d-b5e2-c952553cb0fb",
              "parentUUID": "f64f53e6-4c28-4a84-a140-9710989b6480",
              "isHook": false,
              "skipped": false
            },
            {
              "title": "deve cadastrar um usuário:",
              "fullTitle": "Testes Positivos na rota cadastro deve cadastrar um usuário:",
              "timedOut": null,
              "duration": 12250,
              "state": "passed",
              "speed": "slow",
              "pass": true,
              "fail": false,
              "pending": false,
              "context": null,
              "code": "_Cadastro.default.cadastrar();",
              "err": {},
              "uuid": "ddec9d67-e0f0-4b5e-a763-a635c54fcfac",
              "parentUUID": "f64f53e6-4c28-4a84-a140-9710989b6480",
              "isHook": false,
              "skipped": false
            }
          ],
          "suites": [],
          "passes": [
            "116496a4-0fb0-490d-b5e2-c952553cb0fb",
            "ddec9d67-e0f0-4b5e-a763-a635c54fcfac"
          ],
          "failures": [],
          "pending": [],
          "skipped": [],
          "duration": 17757,
          "root": false,
          "rootEmpty": false,
          "_timeout": 2000
        },
        {
          "uuid": "c025eba9-5159-42e7-ac9d-ee2ec79d9a6f",
          "title": "Testes Negativos na rota cadastro",
          "fullFile": "",
          "file": "",
          "beforeHooks": [],
          "afterHooks": [],
          "tests": [
            {
              "title": "Deve tentar cadastrar sem email",
              "fullTitle": "Testes Negativos na rota cadastro Deve tentar cadastrar sem email",
              "timedOut": null,
              "duration": 7444,
              "state": "passed",
              "speed": "medium",
              "pass": true,
              "fail": false,
              "pending": false,
              "context": null,
              "code": "_Cadastro.default.cadastrarSemEmail();",
              "err": {},
              "uuid": "c2142a09-fe5c-4722-9d53-40134f83de15",
              "parentUUID": "c025eba9-5159-42e7-ac9d-ee2ec79d9a6f",
              "isHook": false,
              "skipped": false
            },
            {
              "title": "Deve tentar cadastrar sem senha",
              "fullTitle": "Testes Negativos na rota cadastro Deve tentar cadastrar sem senha",
              "timedOut": null,
              "duration": 7996,
              "state": "passed",
              "speed": "medium",
              "pass": true,
              "fail": false,
              "pending": false,
              "context": null,
              "code": "_Cadastro.default.cadastrarSemSenha();",
              "err": {},
              "uuid": "be4da62f-fb0b-40e8-be99-80959a65faed",
              "parentUUID": "c025eba9-5159-42e7-ac9d-ee2ec79d9a6f",
              "isHook": false,
              "skipped": false
            },
            {
              "title": "Deve tentar cadastrar sem CPF",
              "fullTitle": "Testes Negativos na rota cadastro Deve tentar cadastrar sem CPF",
              "timedOut": null,
              "duration": 7750,
              "state": "passed",
              "speed": "medium",
              "pass": true,
              "fail": false,
              "pending": false,
              "context": null,
              "code": "_Cadastro.default.cadastrarSemCPF();",
              "err": {},
              "uuid": "5e0ae80c-33f2-4633-a4cb-8e52c3b9e51f",
              "parentUUID": "c025eba9-5159-42e7-ac9d-ee2ec79d9a6f",
              "isHook": false,
              "skipped": false
            }
          ],
          "suites": [],
          "passes": [
            "c2142a09-fe5c-4722-9d53-40134f83de15",
            "be4da62f-fb0b-40e8-be99-80959a65faed",
            "5e0ae80c-33f2-4633-a4cb-8e52c3b9e51f"
          ],
          "failures": [],
          "pending": [],
          "skipped": [],
          "duration": 23190,
          "root": false,
          "rootEmpty": false,
          "_timeout": 2000
        }
      ],
      "passes": [],
      "failures": [],
      "pending": [],
      "skipped": [],
      "duration": 0,
      "root": true,
      "rootEmpty": true,
      "_timeout": 2000
    },
    {
      "uuid": "60767b55-bcb1-43f9-a678-985bdde3809a",
      "title": "",
      "fullFile": "cypress/integration/Carrinho.spec.js",
      "file": "cypress/integration/Carrinho.spec.js",
      "beforeHooks": [],
      "afterHooks": [],
      "tests": [],
      "suites": [
        {
          "uuid": "16117c91-0032-40ff-9883-bdd63c9911f7",
          "title": "Testes Positivos na rota Produtos",
          "fullFile": "",
          "file": "",
          "beforeHooks": [],
          "afterHooks": [],
          "tests": [
            {
              "title": "verifica elementos da página inicial",
              "fullTitle": "Testes Positivos na rota Produtos verifica elementos da página inicial",
              "timedOut": null,
              "duration": 5971,
              "state": "passed",
              "speed": "medium",
              "pass": true,
              "fail": false,
              "pending": false,
              "context": null,
              "code": "_Carrinho.default.elementosDaPaginaInicial();",
              "err": {},
              "uuid": "db3ee6f5-2a8f-420d-b5cc-8a021ab6aff0",
              "parentUUID": "16117c91-0032-40ff-9883-bdd63c9911f7",
              "isHook": false,
              "skipped": false
            },
            {
              "title": "Adiciona produto ao carrinho",
              "fullTitle": "Testes Positivos na rota Produtos Adiciona produto ao carrinho",
              "timedOut": null,
              "duration": 14226,
              "state": "passed",
              "speed": "slow",
              "pass": true,
              "fail": false,
              "pending": false,
              "context": null,
              "code": "_Carrinho.default.produtoNoCarrinho();",
              "err": {},
              "uuid": "6fe763f0-4516-42f6-9a43-9d8222388519",
              "parentUUID": "16117c91-0032-40ff-9883-bdd63c9911f7",
              "isHook": false,
              "skipped": false
            },
            {
              "title": "verifica elementos da Página carrinho",
              "fullTitle": "Testes Positivos na rota Produtos verifica elementos da Página carrinho",
              "timedOut": null,
              "duration": 13047,
              "state": "passed",
              "speed": "slow",
              "pass": true,
              "fail": false,
              "pending": false,
              "context": null,
              "code": "_Carrinho.default.elementosDaPaginaCarrinho();",
              "err": {},
              "uuid": "d07ce307-fa51-4b88-8270-58f3c5aa9c12",
              "parentUUID": "16117c91-0032-40ff-9883-bdd63c9911f7",
              "isHook": false,
              "skipped": false
            },
            {
              "title": "Teste de Checkout da Compra:",
              "fullTitle": "Testes Positivos na rota Produtos Teste de Checkout da Compra:",
              "timedOut": null,
              "duration": 45410,
              "state": "passed",
              "speed": "slow",
              "pass": true,
              "fail": false,
              "pending": false,
              "context": null,
              "code": "_login.default.efetuarLogin();\n_Carrinho.default.CheckoutCarrinho();",
              "err": {},
              "uuid": "7d156fbe-7a25-4611-bd45-0e511cad7aa0",
              "parentUUID": "16117c91-0032-40ff-9883-bdd63c9911f7",
              "isHook": false,
              "skipped": false
            }
          ],
          "suites": [],
          "passes": [
            "db3ee6f5-2a8f-420d-b5cc-8a021ab6aff0",
            "6fe763f0-4516-42f6-9a43-9d8222388519",
            "d07ce307-fa51-4b88-8270-58f3c5aa9c12",
            "7d156fbe-7a25-4611-bd45-0e511cad7aa0"
          ],
          "failures": [],
          "pending": [],
          "skipped": [],
          "duration": 78654,
          "root": false,
          "rootEmpty": false,
          "_timeout": 2000
        },
        {
          "uuid": "50061174-b8a1-4db8-8d04-732198951985",
          "title": "Testes Negativos na rota Produtos",
          "fullFile": "",
          "file": "",
          "beforeHooks": [],
          "afterHooks": [],
          "tests": [
            {
              "title": "Deve não conter itens no carrinho",
              "fullTitle": "Testes Negativos na rota Produtos Deve não conter itens no carrinho",
              "timedOut": null,
              "duration": 9253,
              "state": "passed",
              "speed": "medium",
              "pass": true,
              "fail": false,
              "pending": false,
              "context": null,
              "code": "_Carrinho.default.deletarProdutoDoCarrinho();",
              "err": {},
              "uuid": "8bceeae6-091b-4e9c-a210-ab867471aebd",
              "parentUUID": "50061174-b8a1-4db8-8d04-732198951985",
              "isHook": false,
              "skipped": false
            },
            {
              "title": "Deve Tentar fazer checkout com CPF errado",
              "fullTitle": "Testes Negativos na rota Produtos Deve Tentar fazer checkout com CPF errado",
              "timedOut": null,
              "duration": 28050,
              "state": "passed",
              "speed": "slow",
              "pass": true,
              "fail": false,
              "pending": false,
              "context": null,
              "code": "_login.default.efetuarLogin();\n_Carrinho.default.CheckoutCarrinhoComCPFErrado();",
              "err": {},
              "uuid": "9f9d1c1f-266a-4b86-afb2-d715e1fca9cf",
              "parentUUID": "50061174-b8a1-4db8-8d04-732198951985",
              "isHook": false,
              "skipped": false
            }
          ],
          "suites": [],
          "passes": [
            "8bceeae6-091b-4e9c-a210-ab867471aebd",
            "9f9d1c1f-266a-4b86-afb2-d715e1fca9cf"
          ],
          "failures": [],
          "pending": [],
          "skipped": [],
          "duration": 37303,
          "root": false,
          "rootEmpty": false,
          "_timeout": 2000
        }
      ],
      "passes": [],
      "failures": [],
      "pending": [],
      "skipped": [],
      "duration": 0,
      "root": true,
      "rootEmpty": true,
      "_timeout": 2000
    },
    {
      "uuid": "0b699fda-f0cb-4bfa-8161-b6f97614dcec",
      "title": "",
      "fullFile": "cypress/integration/Login.spec.js",
      "file": "cypress/integration/Login.spec.js",
      "beforeHooks": [],
      "afterHooks": [],
      "tests": [],
      "suites": [
        {
          "uuid": "837faf32-cf8e-4f61-b7a0-11b50cec4e94",
          "title": "Testes Positivos na rota login:",
          "fullFile": "",
          "file": "",
          "beforeHooks": [],
          "afterHooks": [],
          "tests": [
            {
              "title": "deve verificar os elementos da página",
              "fullTitle": "Testes Positivos na rota login: deve verificar os elementos da página",
              "timedOut": null,
              "duration": 4714,
              "state": "passed",
              "speed": "fast",
              "pass": true,
              "fail": false,
              "pending": false,
              "context": null,
              "code": "_login.default.elementosDaPaginaLogin();",
              "err": {},
              "uuid": "c6186ef2-003d-49a5-b840-53960b3fbb35",
              "parentUUID": "837faf32-cf8e-4f61-b7a0-11b50cec4e94",
              "isHook": false,
              "skipped": false
            },
            {
              "title": "Deve efetuar Login",
              "fullTitle": "Testes Positivos na rota login: Deve efetuar Login",
              "timedOut": null,
              "duration": 24077,
              "state": "passed",
              "speed": "slow",
              "pass": true,
              "fail": false,
              "pending": false,
              "context": null,
              "code": "_login.default.efetuarLogin();\n_login.default.cadastroDeEndereco();",
              "err": {},
              "uuid": "e2f575a6-3578-48a0-b96a-45e41273fefb",
              "parentUUID": "837faf32-cf8e-4f61-b7a0-11b50cec4e94",
              "isHook": false,
              "skipped": false
            }
          ],
          "suites": [],
          "passes": [
            "c6186ef2-003d-49a5-b840-53960b3fbb35",
            "e2f575a6-3578-48a0-b96a-45e41273fefb"
          ],
          "failures": [],
          "pending": [],
          "skipped": [],
          "duration": 28791,
          "root": false,
          "rootEmpty": false,
          "_timeout": 2000
        },
        {
          "uuid": "2836aa44-f489-4b21-8aaa-f7fe16704e6c",
          "title": "Testes Negativos na rota login",
          "fullFile": "",
          "file": "",
          "beforeHooks": [],
          "afterHooks": [],
          "tests": [
            {
              "title": "Deve tentar efetuar Login Sem Email",
              "fullTitle": "Testes Negativos na rota login Deve tentar efetuar Login Sem Email",
              "timedOut": null,
              "duration": 5242,
              "state": "passed",
              "speed": "medium",
              "pass": true,
              "fail": false,
              "pending": false,
              "context": null,
              "code": "_login.default.efetuarLoginSemEmail();",
              "err": {},
              "uuid": "a27b5c79-09ac-44b7-81b0-00d843e3180f",
              "parentUUID": "2836aa44-f489-4b21-8aaa-f7fe16704e6c",
              "isHook": false,
              "skipped": false
            },
            {
              "title": "Deve tentar efetuar Login Com Senha Errada",
              "fullTitle": "Testes Negativos na rota login Deve tentar efetuar Login Com Senha Errada",
              "timedOut": null,
              "duration": 4302,
              "state": "passed",
              "speed": "fast",
              "pass": true,
              "fail": false,
              "pending": false,
              "context": null,
              "code": "_login.default.efetuarLoginComSenhaErrada();",
              "err": {},
              "uuid": "e622706a-3d51-4e10-9262-0a2ccb5068a3",
              "parentUUID": "2836aa44-f489-4b21-8aaa-f7fe16704e6c",
              "isHook": false,
              "skipped": false
            }
          ],
          "suites": [],
          "passes": [
            "a27b5c79-09ac-44b7-81b0-00d843e3180f",
            "e622706a-3d51-4e10-9262-0a2ccb5068a3"
          ],
          "failures": [],
          "pending": [],
          "skipped": [],
          "duration": 9544,
          "root": false,
          "rootEmpty": false,
          "_timeout": 2000
        }
      ],
      "passes": [],
      "failures": [],
      "pending": [],
      "skipped": [],
      "duration": 0,
      "root": true,
      "rootEmpty": true,
      "_timeout": 2000
    }
  ],
  "meta": {
    "mocha": {
      "version": "7.0.1"
    },
    "mochawesome": {
      "options": {
        "quiet": false,
        "reportFilename": "mochawesome",
        "saveHtml": false,
        "saveJson": true,
        "consoleReporter": "spec",
        "useInlineDiffs": false,
        "code": true
      },
      "version": "7.0.1"
    },
    "marge": {
      "options": {
        "reportDir": "cypress/report/mochawesome-report",
        "overwrite": false,
        "html": false,
        "json": true,
        "timestamp": "yyyymmdd_HHMMss",
        "reportTitles": "Relatorio",
        "cdn": true,
        "charts": true
      },
      "version": "6.0.1"
    }
  }
}