{
  "stats": {
    "suites": 3,
    "tests": 10,
    "passes": 8,
    "pending": 0,
    "failures": 2,
    "start": "2021-11-25T16:39:53.267Z",
    "end": "2021-11-25T16:41:43.766Z",
    "duration": 98353,
    "testsRegistered": 10,
    "passPercent": 80,
    "pendingPercent": 0,
    "other": 0,
    "hasOther": false,
    "skipped": 0,
    "hasSkipped": false
  },
  "results": [
    {
      "uuid": "4f306fed-2dbb-4dd2-bb98-e4771199337a",
      "title": "",
      "fullFile": "cypress/integration/Cadastro.spec.js",
      "file": "cypress/integration/Cadastro.spec.js",
      "beforeHooks": [],
      "afterHooks": [],
      "tests": [],
      "suites": [
        {
          "uuid": "dfd50de5-98b0-47b0-886d-d4ca4a95d8ec",
          "title": "Testes Positivos na rota cadastro",
          "fullFile": "",
          "file": "",
          "beforeHooks": [],
          "afterHooks": [],
          "tests": [
            {
              "title": "Deve verificar elementos da página: ",
              "fullTitle": "Testes Positivos na rota cadastro Deve verificar elementos da página: ",
              "timedOut": null,
              "duration": 4471,
              "state": "passed",
              "speed": "fast",
              "pass": true,
              "fail": false,
              "pending": false,
              "context": null,
              "code": "_Cadastro.default.elementosDaPaginaCasastro();",
              "err": {},
              "uuid": "84527b53-601b-4bd0-9343-548db59fc1b3",
              "parentUUID": "dfd50de5-98b0-47b0-886d-d4ca4a95d8ec",
              "isHook": false,
              "skipped": false
            },
            {
              "title": "deve cadastrar um usuário:",
              "fullTitle": "Testes Positivos na rota cadastro deve cadastrar um usuário:",
              "timedOut": null,
              "duration": 6918,
              "state": "passed",
              "speed": "medium",
              "pass": true,
              "fail": false,
              "pending": false,
              "context": null,
              "code": "_Cadastro.default.cadastrar();",
              "err": {},
              "uuid": "e04e6d53-deac-4849-8367-afb7ac71e18e",
              "parentUUID": "dfd50de5-98b0-47b0-886d-d4ca4a95d8ec",
              "isHook": false,
              "skipped": false
            }
          ],
          "suites": [],
          "passes": [
            "84527b53-601b-4bd0-9343-548db59fc1b3",
            "e04e6d53-deac-4849-8367-afb7ac71e18e"
          ],
          "failures": [],
          "pending": [],
          "skipped": [],
          "duration": 11389,
          "root": false,
          "rootEmpty": false,
          "_timeout": 2000
        },
        {
          "uuid": "0af7cf97-f07b-4b59-a74d-8c464c879b86",
          "title": "Testes Negativos na rota cadastro",
          "fullFile": "",
          "file": "",
          "beforeHooks": [],
          "afterHooks": [],
          "tests": [
            {
              "title": "Deve tentar cadastrar sem email",
              "fullTitle": "Testes Negativos na rota cadastro Deve tentar cadastrar sem email",
              "timedOut": null,
              "duration": 5956,
              "state": "passed",
              "speed": "medium",
              "pass": true,
              "fail": false,
              "pending": false,
              "context": null,
              "code": "_Cadastro.default.cadastrarSemEmail();",
              "err": {},
              "uuid": "8a2e9b67-ef7f-4c24-ab1f-208dcbeb7e04",
              "parentUUID": "0af7cf97-f07b-4b59-a74d-8c464c879b86",
              "isHook": false,
              "skipped": false
            },
            {
              "title": "Deve tentar cadastrar sem senha",
              "fullTitle": "Testes Negativos na rota cadastro Deve tentar cadastrar sem senha",
              "timedOut": null,
              "duration": 6702,
              "state": "passed",
              "speed": "medium",
              "pass": true,
              "fail": false,
              "pending": false,
              "context": null,
              "code": "_Cadastro.default.cadastrarSemSenha();",
              "err": {},
              "uuid": "0bb8c726-c15d-46f0-84ee-489dc3defeb0",
              "parentUUID": "0af7cf97-f07b-4b59-a74d-8c464c879b86",
              "isHook": false,
              "skipped": false
            },
            {
              "title": "Deve tentar cadastrar sem CPF",
              "fullTitle": "Testes Negativos na rota cadastro Deve tentar cadastrar sem CPF",
              "timedOut": null,
              "duration": 6911,
              "state": "passed",
              "speed": "medium",
              "pass": true,
              "fail": false,
              "pending": false,
              "context": null,
              "code": "_Cadastro.default.cadastrarSemCPF();",
              "err": {},
              "uuid": "ce5c8d5e-7abb-4526-b10b-a06768c22e61",
              "parentUUID": "0af7cf97-f07b-4b59-a74d-8c464c879b86",
              "isHook": false,
              "skipped": false
            }
          ],
          "suites": [],
          "passes": [
            "8a2e9b67-ef7f-4c24-ab1f-208dcbeb7e04",
            "0bb8c726-c15d-46f0-84ee-489dc3defeb0",
            "ce5c8d5e-7abb-4526-b10b-a06768c22e61"
          ],
          "failures": [],
          "pending": [],
          "skipped": [],
          "duration": 19569,
          "root": false,
          "rootEmpty": false,
          "_timeout": 2000
        }
      ],
      "passes": [],
      "failures": [],
      "pending": [],
      "skipped": [],
      "duration": 0,
      "root": true,
      "rootEmpty": true,
      "_timeout": 2000
    },
    {
      "uuid": "44f17710-0640-49c0-bcbd-ce9b78995da2",
      "title": "",
      "fullFile": "cypress/integration/Carrinho.spec.js",
      "file": "cypress/integration/Carrinho.spec.js",
      "beforeHooks": [],
      "afterHooks": [],
      "tests": [],
      "suites": [
        {
          "uuid": "57779134-eb82-4d6f-9d33-665e51854e16",
          "title": "Testes Positivos na rota Produtos",
          "fullFile": "",
          "file": "",
          "beforeHooks": [],
          "afterHooks": [],
          "tests": [
            {
              "title": "Teste de Checkout da Compra:",
              "fullTitle": "Testes Positivos na rota Produtos Teste de Checkout da Compra:",
              "timedOut": null,
              "duration": 42815,
              "state": "failed",
              "speed": null,
              "pass": false,
              "fail": true,
              "pending": false,
              "context": null,
              "code": "_login.default.efetuarLogin();\n_Carrinho.default.CheckoutCarrinho();",
              "err": {
                "message": "CypressError: `cy.screenshot()` timed out waiting `30000ms` to complete.",
                "estack": "CypressError: `cy.screenshot()` timed out waiting `30000ms` to complete.\n    at https://701523.commercesuite.com.br/__cypress/runner/cypress_runner.js:159581:81\n    at tryCatcher (https://701523.commercesuite.com.br/__cypress/runner/cypress_runner.js:13212:23)\n    at https://701523.commercesuite.com.br/__cypress/runner/cypress_runner.js:8334:41\n    at tryCatcher (https://701523.commercesuite.com.br/__cypress/runner/cypress_runner.js:13212:23)\n    at Promise._settlePromiseFromHandler (https://701523.commercesuite.com.br/__cypress/runner/cypress_runner.js:11147:31)\n    at Promise._settlePromise (https://701523.commercesuite.com.br/__cypress/runner/cypress_runner.js:11204:18)\n    at Promise._settlePromise0 (https://701523.commercesuite.com.br/__cypress/runner/cypress_runner.js:11249:10)\n    at Promise._settlePromises (https://701523.commercesuite.com.br/__cypress/runner/cypress_runner.js:11325:18)\n    at _drainQueueStep (https://701523.commercesuite.com.br/__cypress/runner/cypress_runner.js:7919:12)\n    at _drainQueue (https://701523.commercesuite.com.br/__cypress/runner/cypress_runner.js:7912:9)\n    at Async.../../node_modules/bluebird/js/release/async.js.Async._drainQueues (https://701523.commercesuite.com.br/__cypress/runner/cypress_runner.js:7928:5)\n    at Async.drainQueues (https://701523.commercesuite.com.br/__cypress/runner/cypress_runner.js:7798:14)",
                "diff": null
              },
              "uuid": "d2d0145f-329b-4bf2-904a-370f4a7c0d01",
              "parentUUID": "57779134-eb82-4d6f-9d33-665e51854e16",
              "isHook": false,
              "skipped": false
            }
          ],
          "suites": [],
          "passes": [],
          "failures": [
            "d2d0145f-329b-4bf2-904a-370f4a7c0d01"
          ],
          "pending": [],
          "skipped": [],
          "duration": 42815,
          "root": false,
          "rootEmpty": false,
          "_timeout": 2000
        }
      ],
      "passes": [],
      "failures": [],
      "pending": [],
      "skipped": [],
      "duration": 0,
      "root": true,
      "rootEmpty": true,
      "_timeout": 2000
    },
    {
      "uuid": "78968dab-91c0-426e-8d18-724d4cf7fa25",
      "title": "",
      "fullFile": "cypress/integration/Login.spec.js",
      "file": "cypress/integration/Login.spec.js",
      "beforeHooks": [],
      "afterHooks": [],
      "tests": [],
      "suites": [
        {
          "uuid": "23f7e8c1-85a2-46fc-baa3-d9224433ac05",
          "title": "Testes Positivos na rota login:",
          "fullFile": "",
          "file": "",
          "beforeHooks": [],
          "afterHooks": [],
          "tests": [
            {
              "title": "deve verificar os elementos da página",
              "fullTitle": "Testes Positivos na rota login: deve verificar os elementos da página",
              "timedOut": null,
              "duration": 4711,
              "state": "passed",
              "speed": "fast",
              "pass": true,
              "fail": false,
              "pending": false,
              "context": null,
              "code": "_login.default.elementosDaPaginaLogin();",
              "err": {},
              "uuid": "bade0417-faaa-4376-aa46-29445b1d046c",
              "parentUUID": "23f7e8c1-85a2-46fc-baa3-d9224433ac05",
              "isHook": false,
              "skipped": false
            },
            {
              "title": "Deve efetuar Login",
              "fullTitle": "Testes Positivos na rota login: Deve efetuar Login",
              "timedOut": null,
              "duration": 9900,
              "state": "failed",
              "speed": null,
              "pass": false,
              "fail": true,
              "pending": false,
              "context": null,
              "code": "_login.default.efetuarLogin();\n_login.default.cadastroDeEndereco();",
              "err": {
                "message": "AssertionError: Timed out retrying after 4000ms: Expected to find element: `[class='app__header__logo-wrapper']`, but never found it.",
                "estack": "AssertionError: Timed out retrying after 4000ms: Expected to find element: `[class='app__header__logo-wrapper']`, but never found it.\n    at Function.getElement (https://701523.commercesuite.com.br/__cypress/tests?p=cypress\\integration\\Login.spec.js:173:17)\n    at Function.clickOnElement (https://701523.commercesuite.com.br/__cypress/tests?p=cypress\\integration\\Login.spec.js:249:19)\n    at Context.eval (https://701523.commercesuite.com.br/__cypress/tests?p=cypress\\integration\\Login.spec.js:381:13)",
                "diff": null
              },
              "uuid": "6238b20c-ac5d-4d82-a635-2b1c55eafe9c",
              "parentUUID": "23f7e8c1-85a2-46fc-baa3-d9224433ac05",
              "isHook": false,
              "skipped": false
            }
          ],
          "suites": [],
          "passes": [
            "bade0417-faaa-4376-aa46-29445b1d046c"
          ],
          "failures": [
            "6238b20c-ac5d-4d82-a635-2b1c55eafe9c"
          ],
          "pending": [],
          "skipped": [],
          "duration": 14611,
          "root": false,
          "rootEmpty": false,
          "_timeout": 2000
        },
        {
          "uuid": "74119dfa-40cd-497b-b3e8-98866f516b1b",
          "title": "Testes Negativos na rota login",
          "fullFile": "",
          "file": "",
          "beforeHooks": [],
          "afterHooks": [],
          "tests": [
            {
              "title": "Deve tentar efetuar Login Sem Email",
              "fullTitle": "Testes Negativos na rota login Deve tentar efetuar Login Sem Email",
              "timedOut": null,
              "duration": 5840,
              "state": "passed",
              "speed": "medium",
              "pass": true,
              "fail": false,
              "pending": false,
              "context": null,
              "code": "_login.default.efetuarLoginSemEmail();",
              "err": {},
              "uuid": "914bd3c3-1122-41f2-bcce-59de5851d77b",
              "parentUUID": "74119dfa-40cd-497b-b3e8-98866f516b1b",
              "isHook": false,
              "skipped": false
            },
            {
              "title": "Deve tentar efetuar Login Com Senha Errada",
              "fullTitle": "Testes Negativos na rota login Deve tentar efetuar Login Com Senha Errada",
              "timedOut": null,
              "duration": 4129,
              "state": "passed",
              "speed": "fast",
              "pass": true,
              "fail": false,
              "pending": false,
              "context": null,
              "code": "_login.default.efetuarLoginComSenhaErrada();",
              "err": {},
              "uuid": "ffa04d27-f51a-4c15-970c-adaf6996d3e6",
              "parentUUID": "74119dfa-40cd-497b-b3e8-98866f516b1b",
              "isHook": false,
              "skipped": false
            }
          ],
          "suites": [],
          "passes": [
            "914bd3c3-1122-41f2-bcce-59de5851d77b",
            "ffa04d27-f51a-4c15-970c-adaf6996d3e6"
          ],
          "failures": [],
          "pending": [],
          "skipped": [],
          "duration": 9969,
          "root": false,
          "rootEmpty": false,
          "_timeout": 2000
        }
      ],
      "passes": [],
      "failures": [],
      "pending": [],
      "skipped": [],
      "duration": 0,
      "root": true,
      "rootEmpty": true,
      "_timeout": 2000
    }
  ],
  "meta": {
    "mocha": {
      "version": "7.0.1"
    },
    "mochawesome": {
      "options": {
        "quiet": false,
        "reportFilename": "mochawesome",
        "saveHtml": false,
        "saveJson": true,
        "consoleReporter": "spec",
        "useInlineDiffs": false,
        "code": true
      },
      "version": "7.0.1"
    },
    "marge": {
      "options": {
        "reportDir": "cypress/report/mochawesome-report",
        "overwrite": false,
        "html": false,
        "json": true,
        "timestamp": "yyyymmdd_HHMMss",
        "reportTitles": "Relatorio",
        "cdn": true,
        "charts": true
      },
      "version": "6.0.1"
    }
  }
}