{
  "stats": {
    "suites": 2,
    "tests": 4,
    "passes": 4,
    "pending": 0,
    "failures": 0,
    "start": "2021-11-25T18:07:46.652Z",
    "end": "2021-11-25T18:08:27.437Z",
    "duration": 40785,
    "testsRegistered": 4,
    "passPercent": 100,
    "pendingPercent": 0,
    "other": 0,
    "hasOther": false,
    "skipped": 0,
    "hasSkipped": false
  },
  "results": [
    {
      "uuid": "0b699fda-f0cb-4bfa-8161-b6f97614dcec",
      "title": "",
      "fullFile": "cypress/integration/Login.spec.js",
      "file": "cypress/integration/Login.spec.js",
      "beforeHooks": [],
      "afterHooks": [],
      "tests": [],
      "suites": [
        {
          "uuid": "837faf32-cf8e-4f61-b7a0-11b50cec4e94",
          "title": "Testes Positivos na rota login:",
          "fullFile": "",
          "file": "",
          "beforeHooks": [],
          "afterHooks": [],
          "tests": [
            {
              "title": "deve verificar os elementos da página",
              "fullTitle": "Testes Positivos na rota login: deve verificar os elementos da página",
              "timedOut": null,
              "duration": 4714,
              "state": "passed",
              "speed": "fast",
              "pass": true,
              "fail": false,
              "pending": false,
              "context": null,
              "code": "_login.default.elementosDaPaginaLogin();",
              "err": {},
              "uuid": "c6186ef2-003d-49a5-b840-53960b3fbb35",
              "parentUUID": "837faf32-cf8e-4f61-b7a0-11b50cec4e94",
              "isHook": false,
              "skipped": false
            },
            {
              "title": "Deve efetuar Login",
              "fullTitle": "Testes Positivos na rota login: Deve efetuar Login",
              "timedOut": null,
              "duration": 24077,
              "state": "passed",
              "speed": "slow",
              "pass": true,
              "fail": false,
              "pending": false,
              "context": null,
              "code": "_login.default.efetuarLogin();\n_login.default.cadastroDeEndereco();",
              "err": {},
              "uuid": "e2f575a6-3578-48a0-b96a-45e41273fefb",
              "parentUUID": "837faf32-cf8e-4f61-b7a0-11b50cec4e94",
              "isHook": false,
              "skipped": false
            }
          ],
          "suites": [],
          "passes": [
            "c6186ef2-003d-49a5-b840-53960b3fbb35",
            "e2f575a6-3578-48a0-b96a-45e41273fefb"
          ],
          "failures": [],
          "pending": [],
          "skipped": [],
          "duration": 28791,
          "root": false,
          "rootEmpty": false,
          "_timeout": 2000
        },
        {
          "uuid": "2836aa44-f489-4b21-8aaa-f7fe16704e6c",
          "title": "Testes Negativos na rota login",
          "fullFile": "",
          "file": "",
          "beforeHooks": [],
          "afterHooks": [],
          "tests": [
            {
              "title": "Deve tentar efetuar Login Sem Email",
              "fullTitle": "Testes Negativos na rota login Deve tentar efetuar Login Sem Email",
              "timedOut": null,
              "duration": 5242,
              "state": "passed",
              "speed": "medium",
              "pass": true,
              "fail": false,
              "pending": false,
              "context": null,
              "code": "_login.default.efetuarLoginSemEmail();",
              "err": {},
              "uuid": "a27b5c79-09ac-44b7-81b0-00d843e3180f",
              "parentUUID": "2836aa44-f489-4b21-8aaa-f7fe16704e6c",
              "isHook": false,
              "skipped": false
            },
            {
              "title": "Deve tentar efetuar Login Com Senha Errada",
              "fullTitle": "Testes Negativos na rota login Deve tentar efetuar Login Com Senha Errada",
              "timedOut": null,
              "duration": 4302,
              "state": "passed",
              "speed": "fast",
              "pass": true,
              "fail": false,
              "pending": false,
              "context": null,
              "code": "_login.default.efetuarLoginComSenhaErrada();",
              "err": {},
              "uuid": "e622706a-3d51-4e10-9262-0a2ccb5068a3",
              "parentUUID": "2836aa44-f489-4b21-8aaa-f7fe16704e6c",
              "isHook": false,
              "skipped": false
            }
          ],
          "suites": [],
          "passes": [
            "a27b5c79-09ac-44b7-81b0-00d843e3180f",
            "e622706a-3d51-4e10-9262-0a2ccb5068a3"
          ],
          "failures": [],
          "pending": [],
          "skipped": [],
          "duration": 9544,
          "root": false,
          "rootEmpty": false,
          "_timeout": 2000
        }
      ],
      "passes": [],
      "failures": [],
      "pending": [],
      "skipped": [],
      "duration": 0,
      "root": true,
      "rootEmpty": true,
      "_timeout": 2000
    }
  ],
  "meta": {
    "mocha": {
      "version": "7.0.1"
    },
    "mochawesome": {
      "options": {
        "quiet": false,
        "reportFilename": "mochawesome",
        "saveHtml": false,
        "saveJson": true,
        "consoleReporter": "spec",
        "useInlineDiffs": false,
        "code": true
      },
      "version": "7.0.1"
    },
    "marge": {
      "options": {
        "reportDir": "cypress/report/mochawesome-report",
        "overwrite": false,
        "html": false,
        "json": true,
        "timestamp": "yyyymmdd_HHMMss",
        "reportTitles": "Relatorio",
        "cdn": true,
        "charts": true
      },
      "version": "6.0.1"
    }
  }
}