{
  "stats": {
    "suites": 2,
    "tests": 5,
    "passes": 5,
    "pending": 0,
    "failures": 0,
    "start": "2021-11-25T16:39:53.267Z",
    "end": "2021-11-25T16:40:28.782Z",
    "duration": 35515,
    "testsRegistered": 5,
    "passPercent": 100,
    "pendingPercent": 0,
    "other": 0,
    "hasOther": false,
    "skipped": 0,
    "hasSkipped": false
  },
  "results": [
    {
      "uuid": "4f306fed-2dbb-4dd2-bb98-e4771199337a",
      "title": "",
      "fullFile": "cypress/integration/Cadastro.spec.js",
      "file": "cypress/integration/Cadastro.spec.js",
      "beforeHooks": [],
      "afterHooks": [],
      "tests": [],
      "suites": [
        {
          "uuid": "dfd50de5-98b0-47b0-886d-d4ca4a95d8ec",
          "title": "Testes Positivos na rota cadastro",
          "fullFile": "",
          "file": "",
          "beforeHooks": [],
          "afterHooks": [],
          "tests": [
            {
              "title": "Deve verificar elementos da página: ",
              "fullTitle": "Testes Positivos na rota cadastro Deve verificar elementos da página: ",
              "timedOut": null,
              "duration": 4471,
              "state": "passed",
              "speed": "fast",
              "pass": true,
              "fail": false,
              "pending": false,
              "context": null,
              "code": "_Cadastro.default.elementosDaPaginaCasastro();",
              "err": {},
              "uuid": "84527b53-601b-4bd0-9343-548db59fc1b3",
              "parentUUID": "dfd50de5-98b0-47b0-886d-d4ca4a95d8ec",
              "isHook": false,
              "skipped": false
            },
            {
              "title": "deve cadastrar um usuário:",
              "fullTitle": "Testes Positivos na rota cadastro deve cadastrar um usuário:",
              "timedOut": null,
              "duration": 6918,
              "state": "passed",
              "speed": "medium",
              "pass": true,
              "fail": false,
              "pending": false,
              "context": null,
              "code": "_Cadastro.default.cadastrar();",
              "err": {},
              "uuid": "e04e6d53-deac-4849-8367-afb7ac71e18e",
              "parentUUID": "dfd50de5-98b0-47b0-886d-d4ca4a95d8ec",
              "isHook": false,
              "skipped": false
            }
          ],
          "suites": [],
          "passes": [
            "84527b53-601b-4bd0-9343-548db59fc1b3",
            "e04e6d53-deac-4849-8367-afb7ac71e18e"
          ],
          "failures": [],
          "pending": [],
          "skipped": [],
          "duration": 11389,
          "root": false,
          "rootEmpty": false,
          "_timeout": 2000
        },
        {
          "uuid": "0af7cf97-f07b-4b59-a74d-8c464c879b86",
          "title": "Testes Negativos na rota cadastro",
          "fullFile": "",
          "file": "",
          "beforeHooks": [],
          "afterHooks": [],
          "tests": [
            {
              "title": "Deve tentar cadastrar sem email",
              "fullTitle": "Testes Negativos na rota cadastro Deve tentar cadastrar sem email",
              "timedOut": null,
              "duration": 5956,
              "state": "passed",
              "speed": "medium",
              "pass": true,
              "fail": false,
              "pending": false,
              "context": null,
              "code": "_Cadastro.default.cadastrarSemEmail();",
              "err": {},
              "uuid": "8a2e9b67-ef7f-4c24-ab1f-208dcbeb7e04",
              "parentUUID": "0af7cf97-f07b-4b59-a74d-8c464c879b86",
              "isHook": false,
              "skipped": false
            },
            {
              "title": "Deve tentar cadastrar sem senha",
              "fullTitle": "Testes Negativos na rota cadastro Deve tentar cadastrar sem senha",
              "timedOut": null,
              "duration": 6702,
              "state": "passed",
              "speed": "medium",
              "pass": true,
              "fail": false,
              "pending": false,
              "context": null,
              "code": "_Cadastro.default.cadastrarSemSenha();",
              "err": {},
              "uuid": "0bb8c726-c15d-46f0-84ee-489dc3defeb0",
              "parentUUID": "0af7cf97-f07b-4b59-a74d-8c464c879b86",
              "isHook": false,
              "skipped": false
            },
            {
              "title": "Deve tentar cadastrar sem CPF",
              "fullTitle": "Testes Negativos na rota cadastro Deve tentar cadastrar sem CPF",
              "timedOut": null,
              "duration": 6911,
              "state": "passed",
              "speed": "medium",
              "pass": true,
              "fail": false,
              "pending": false,
              "context": null,
              "code": "_Cadastro.default.cadastrarSemCPF();",
              "err": {},
              "uuid": "ce5c8d5e-7abb-4526-b10b-a06768c22e61",
              "parentUUID": "0af7cf97-f07b-4b59-a74d-8c464c879b86",
              "isHook": false,
              "skipped": false
            }
          ],
          "suites": [],
          "passes": [
            "8a2e9b67-ef7f-4c24-ab1f-208dcbeb7e04",
            "0bb8c726-c15d-46f0-84ee-489dc3defeb0",
            "ce5c8d5e-7abb-4526-b10b-a06768c22e61"
          ],
          "failures": [],
          "pending": [],
          "skipped": [],
          "duration": 19569,
          "root": false,
          "rootEmpty": false,
          "_timeout": 2000
        }
      ],
      "passes": [],
      "failures": [],
      "pending": [],
      "skipped": [],
      "duration": 0,
      "root": true,
      "rootEmpty": true,
      "_timeout": 2000
    }
  ],
  "meta": {
    "mocha": {
      "version": "7.0.1"
    },
    "mochawesome": {
      "options": {
        "quiet": false,
        "reportFilename": "mochawesome",
        "saveHtml": false,
        "saveJson": true,
        "consoleReporter": "spec",
        "useInlineDiffs": false,
        "code": true
      },
      "version": "7.0.1"
    },
    "marge": {
      "options": {
        "reportDir": "cypress/report/mochawesome-report",
        "overwrite": false,
        "html": false,
        "json": true,
        "timestamp": "yyyymmdd_HHMMss",
        "reportTitles": "Relatorio",
        "cdn": true,
        "charts": true
      },
      "version": "6.0.1"
    }
  }
}