{
  "stats": {
    "suites": 2,
    "tests": 4,
    "passes": 3,
    "pending": 0,
    "failures": 1,
    "start": "2021-11-25T16:41:17.034Z",
    "end": "2021-11-25T16:41:43.766Z",
    "duration": 26732,
    "testsRegistered": 4,
    "passPercent": 75,
    "pendingPercent": 0,
    "other": 0,
    "hasOther": false,
    "skipped": 0,
    "hasSkipped": false
  },
  "results": [
    {
      "uuid": "78968dab-91c0-426e-8d18-724d4cf7fa25",
      "title": "",
      "fullFile": "cypress/integration/Login.spec.js",
      "file": "cypress/integration/Login.spec.js",
      "beforeHooks": [],
      "afterHooks": [],
      "tests": [],
      "suites": [
        {
          "uuid": "23f7e8c1-85a2-46fc-baa3-d9224433ac05",
          "title": "Testes Positivos na rota login:",
          "fullFile": "",
          "file": "",
          "beforeHooks": [],
          "afterHooks": [],
          "tests": [
            {
              "title": "deve verificar os elementos da página",
              "fullTitle": "Testes Positivos na rota login: deve verificar os elementos da página",
              "timedOut": null,
              "duration": 4711,
              "state": "passed",
              "speed": "fast",
              "pass": true,
              "fail": false,
              "pending": false,
              "context": null,
              "code": "_login.default.elementosDaPaginaLogin();",
              "err": {},
              "uuid": "bade0417-faaa-4376-aa46-29445b1d046c",
              "parentUUID": "23f7e8c1-85a2-46fc-baa3-d9224433ac05",
              "isHook": false,
              "skipped": false
            },
            {
              "title": "Deve efetuar Login",
              "fullTitle": "Testes Positivos na rota login: Deve efetuar Login",
              "timedOut": null,
              "duration": 9900,
              "state": "failed",
              "speed": null,
              "pass": false,
              "fail": true,
              "pending": false,
              "context": null,
              "code": "_login.default.efetuarLogin();\n_login.default.cadastroDeEndereco();",
              "err": {
                "message": "AssertionError: Timed out retrying after 4000ms: Expected to find element: `[class='app__header__logo-wrapper']`, but never found it.",
                "estack": "AssertionError: Timed out retrying after 4000ms: Expected to find element: `[class='app__header__logo-wrapper']`, but never found it.\n    at Function.getElement (https://701523.commercesuite.com.br/__cypress/tests?p=cypress\\integration\\Login.spec.js:173:17)\n    at Function.clickOnElement (https://701523.commercesuite.com.br/__cypress/tests?p=cypress\\integration\\Login.spec.js:249:19)\n    at Context.eval (https://701523.commercesuite.com.br/__cypress/tests?p=cypress\\integration\\Login.spec.js:381:13)",
                "diff": null
              },
              "uuid": "6238b20c-ac5d-4d82-a635-2b1c55eafe9c",
              "parentUUID": "23f7e8c1-85a2-46fc-baa3-d9224433ac05",
              "isHook": false,
              "skipped": false
            }
          ],
          "suites": [],
          "passes": [
            "bade0417-faaa-4376-aa46-29445b1d046c"
          ],
          "failures": [
            "6238b20c-ac5d-4d82-a635-2b1c55eafe9c"
          ],
          "pending": [],
          "skipped": [],
          "duration": 14611,
          "root": false,
          "rootEmpty": false,
          "_timeout": 2000
        },
        {
          "uuid": "74119dfa-40cd-497b-b3e8-98866f516b1b",
          "title": "Testes Negativos na rota login",
          "fullFile": "",
          "file": "",
          "beforeHooks": [],
          "afterHooks": [],
          "tests": [
            {
              "title": "Deve tentar efetuar Login Sem Email",
              "fullTitle": "Testes Negativos na rota login Deve tentar efetuar Login Sem Email",
              "timedOut": null,
              "duration": 5840,
              "state": "passed",
              "speed": "medium",
              "pass": true,
              "fail": false,
              "pending": false,
              "context": null,
              "code": "_login.default.efetuarLoginSemEmail();",
              "err": {},
              "uuid": "914bd3c3-1122-41f2-bcce-59de5851d77b",
              "parentUUID": "74119dfa-40cd-497b-b3e8-98866f516b1b",
              "isHook": false,
              "skipped": false
            },
            {
              "title": "Deve tentar efetuar Login Com Senha Errada",
              "fullTitle": "Testes Negativos na rota login Deve tentar efetuar Login Com Senha Errada",
              "timedOut": null,
              "duration": 4129,
              "state": "passed",
              "speed": "fast",
              "pass": true,
              "fail": false,
              "pending": false,
              "context": null,
              "code": "_login.default.efetuarLoginComSenhaErrada();",
              "err": {},
              "uuid": "ffa04d27-f51a-4c15-970c-adaf6996d3e6",
              "parentUUID": "74119dfa-40cd-497b-b3e8-98866f516b1b",
              "isHook": false,
              "skipped": false
            }
          ],
          "suites": [],
          "passes": [
            "914bd3c3-1122-41f2-bcce-59de5851d77b",
            "ffa04d27-f51a-4c15-970c-adaf6996d3e6"
          ],
          "failures": [],
          "pending": [],
          "skipped": [],
          "duration": 9969,
          "root": false,
          "rootEmpty": false,
          "_timeout": 2000
        }
      ],
      "passes": [],
      "failures": [],
      "pending": [],
      "skipped": [],
      "duration": 0,
      "root": true,
      "rootEmpty": true,
      "_timeout": 2000
    }
  ],
  "meta": {
    "mocha": {
      "version": "7.0.1"
    },
    "mochawesome": {
      "options": {
        "quiet": false,
        "reportFilename": "mochawesome",
        "saveHtml": false,
        "saveJson": true,
        "consoleReporter": "spec",
        "useInlineDiffs": false,
        "code": true
      },
      "version": "7.0.1"
    },
    "marge": {
      "options": {
        "reportDir": "cypress/report/mochawesome-report",
        "overwrite": false,
        "html": false,
        "json": true,
        "timestamp": "yyyymmdd_HHMMss",
        "reportTitles": "Relatorio",
        "cdn": true,
        "charts": true
      },
      "version": "6.0.1"
    }
  }
}